# JRE version: Java(TM) SE Runtime Environment (13.0.2+8) (build 13.0.2+8)
# Java VM: Java HotSpot(TM) 64-Bit Server VM (13.0.2+8, mixed mode, sharing, tiered, compressed oops, parallel gc, windows-amd64)
Heap:
 PSYoungGen      total 49152K, used 16940K [0x00000000eab00000, 0x00000000ee180000, 0x0000000100000000)
  eden space 43008K, 25% used [0x00000000eab00000,0x00000000eb5e2238,0x00000000ed500000)
  from space 6144K, 94% used [0x00000000edb80000,0x00000000ee129168,0x00000000ee180000)
  to   space 6144K, 0% used [0x00000000ed580000,0x00000000ed580000,0x00000000edb80000)
 ParOldGen       total 168448K, used 161359K [0x00000000c0000000, 0x00000000ca480000, 0x00000000eab00000)
  object space 168448K, 95% used [0x00000000c0000000,0x00000000c9d93c10,0x00000000ca480000)
 Metaspace       used 84197K, capacity 87949K, committed 88152K, reserved 1128448K
  class space    used 7884K, capacity 9228K, committed 9344K, reserved 1048576K
GC Heap History (20 events):
Event: 18016.954 GC heap after
{Heap after GC invocations=4133 (full 93):
 PSYoungGen      total 40960K, used 14310K [0x00000000eab00000, 0x00000000ee300000, 0x0000000100000000)
  eden space 26624K, 0% used [0x00000000eab00000,0x00000000eab00000,0x00000000ec500000)
  from space 14336K, 99% used [0x00000000ed380000,0x00000000ee1798f0,0x00000000ee180000)
  to   space 14848K, 0% used [0x00000000ec500000,0x00000000ec500000,0x00000000ed380000)
 ParOldGen       total 168448K, used 145143K [0x00000000c0000000, 0x00000000ca480000, 0x00000000eab00000)
  object space 168448K, 86% used [0x00000000c0000000,0x00000000c8dbdff0,0x00000000ca480000)
 Metaspace       used 84108K, capacity 87879K, committed 88152K, reserved 1128448K
  class space    used 7883K, capacity 9227K, committed 9344K, reserved 1048576K
}
Event: 18017.035 GC heap before
{Heap before GC invocations=4134 (full 93):
 PSYoungGen      total 40960K, used 40934K [0x00000000eab00000, 0x00000000ee300000, 0x0000000100000000)
  eden space 26624K, 100% used [0x00000000eab00000,0x00000000ec500000,0x00000000ec500000)
  from space 14336K, 99% used [0x00000000ed380000,0x00000000ee1798f0,0x00000000ee180000)
  to   space 14848K, 0% used [0x00000000ec500000,0x00000000ec500000,0x00000000ed380000)
 ParOldGen       total 168448K, used 145143K [0x00000000c0000000, 0x00000000ca480000, 0x00000000eab00000)
  object space 168448K, 86% used [0x00000000c0000000,0x00000000c8dbdff0,0x00000000ca480000)
 Metaspace       used 84117K, capacity 87879K, committed 88152K, reserved 1128448K
  class space    used 7883K, capacity 9227K, committed 9344K, reserved 1048576K
}
Event: 18017.049 GC heap after
{Heap after GC invocations=4134 (full 93):
 PSYoungGen      total 35328K, used 8571K [0x00000000eab00000, 0x00000000edc80000, 0x0000000100000000)
  eden space 26624K, 0% used [0x00000000eab00000,0x00000000eab00000,0x00000000ec500000)
  from space 8704K, 98% used [0x00000000ec500000,0x00000000ecd5ef10,0x00000000ecd80000)
  to   space 10752K, 0% used [0x00000000ed200000,0x00000000ed200000,0x00000000edc80000)
 ParOldGen       total 168448K, used 151426K [0x00000000c0000000, 0x00000000ca480000, 0x00000000eab00000)
  object space 168448K, 89% used [0x00000000c0000000,0x00000000c93e0ba8,0x00000000ca480000)
 Metaspace       used 84117K, capacity 87879K, committed 88152K, reserved 1128448K
  class space    used 7883K, capacity 9227K, committed 9344K, reserved 1048576K
}
Event: 18017.127 GC heap before
{Heap before GC invocations=4135 (full 93):
 PSYoungGen      total 35328K, used 35195K [0x00000000eab00000, 0x00000000edc80000, 0x0000000100000000)
  eden space 26624K, 100% used [0x00000000eab00000,0x00000000ec500000,0x00000000ec500000)
  from space 8704K, 98% used [0x00000000ec500000,0x00000000ecd5ef10,0x00000000ecd80000)
  to   space 10752K, 0% used [0x00000000ed200000,0x00000000ed200000,0x00000000edc80000)
 ParOldGen       total 168448K, used 151426K [0x00000000c0000000, 0x00000000ca480000, 0x00000000eab00000)
  object space 168448K, 89% used [0x00000000c0000000,0x00000000c93e0ba8,0x00000000ca480000)
 Metaspace       used 84117K, capacity 87879K, committed 88152K, reserved 1128448K
  class space    used 7883K, capacity 9227K, committed 9344K, reserved 1048576K
}
Event: 18017.139 GC heap after
{Heap after GC invocations=4135 (full 93):
 PSYoungGen      total 38400K, used 9003K [0x00000000eab00000, 0x00000000edb00000, 0x0000000100000000)
  eden space 29184K, 0% used [0x00000000eab00000,0x00000000eab00000,0x00000000ec780000)
  from space 9216K, 97% used [0x00000000ed200000,0x00000000edacaf00,0x00000000edb00000)
  to   space 9216K, 0% used [0x00000000ec900000,0x00000000ec900000,0x00000000ed200000)
 ParOldGen       total 168448K, used 151426K [0x00000000c0000000, 0x00000000ca480000, 0x00000000eab00000)
  object space 168448K, 89% used [0x00000000c0000000,0x00000000c93e0ba8,0x00000000ca480000)
 Metaspace       used 84117K, capacity 87879K, committed 88152K, reserved 1128448K
  class space    used 7883K, capacity 9227K, committed 9344K, reserved 1048576K
}
Event: 18017.207 GC heap before
{Heap before GC invocations=4136 (full 93):
 PSYoungGen      total 38400K, used 38187K [0x00000000eab00000, 0x00000000edb00000, 0x0000000100000000)
  eden space 29184K, 100% used [0x00000000eab00000,0x00000000ec780000,0x00000000ec780000)
  from space 9216K, 97% used [0x00000000ed200000,0x00000000edacaf00,0x00000000edb00000)
  to   space 9216K, 0% used [0x00000000ec900000,0x00000000ec900000,0x00000000ed200000)
 ParOldGen       total 168448K, used 151426K [0x00000000c0000000, 0x00000000ca480000, 0x00000000eab00000)
  object space 168448K, 89% used [0x00000000c0000000,0x00000000c93e0ba8,0x00000000ca480000)
 Metaspace       used 84117K, capacity 87879K, committed 88152K, reserved 1128448K
  class space    used 7883K, capacity 9227K, committed 9344K, reserved 1048576K
}
Event: 18017.218 GC heap after
{Heap after GC invocations=4136 (full 93):
 PSYoungGen      total 39936K, used 9201K [0x00000000eab00000, 0x00000000edf80000, 0x0000000100000000)
  eden space 30720K, 0% used [0x00000000eab00000,0x00000000eab00000,0x00000000ec900000)
  from space 9216K, 99% used [0x00000000ec900000,0x00000000ed1fc600,0x00000000ed200000)
  to   space 10752K, 0% used [0x00000000ed500000,0x00000000ed500000,0x00000000edf80000)
 ParOldGen       total 168448K, used 152463K [0x00000000c0000000, 0x00000000ca480000, 0x00000000eab00000)
  object space 168448K, 90% used [0x00000000c0000000,0x00000000c94e3c58,0x00000000ca480000)
 Metaspace       used 84117K, capacity 87879K, committed 88152K, reserved 1128448K
  class space    used 7883K, capacity 9227K, committed 9344K, reserved 1048576K
}
Event: 18017.294 GC heap before
{Heap before GC invocations=4137 (full 93):
 PSYoungGen      total 39936K, used 39921K [0x00000000eab00000, 0x00000000edf80000, 0x0000000100000000)
  eden space 30720K, 100% used [0x00000000eab00000,0x00000000ec900000,0x00000000ec900000)
  from space 9216K, 99% used [0x00000000ec900000,0x00000000ed1fc600,0x00000000ed200000)
  to   space 10752K, 0% used [0x00000000ed500000,0x00000000ed500000,0x00000000edf80000)
 ParOldGen       total 168448K, used 152463K [0x00000000c0000000, 0x00000000ca480000, 0x00000000eab00000)
  object space 168448K, 90% used [0x00000000c0000000,0x00000000c94e3c58,0x00000000ca480000)
 Metaspace       used 84119K, capacity 87879K, committed 88152K, reserved 1128448K
  class space    used 7883K, capacity 9227K, committed 9344K, reserved 1048576K
}
Event: 18017.307 GC heap after
{Heap after GC invocations=4137 (full 93):
 PSYoungGen      total 43520K, used 8701K [0x00000000eab00000, 0x00000000edf00000, 0x0000000100000000)
  eden space 33280K, 0% used [0x00000000eab00000,0x00000000eab00000,0x00000000ecb80000)
  from space 10240K, 84% used [0x00000000ed500000,0x00000000edd7f400,0x00000000edf00000)
  to   space 9728K, 0% used [0x00000000ecb80000,0x00000000ecb80000,0x00000000ed500000)
 ParOldGen       total 168448K, used 153812K [0x00000000c0000000, 0x00000000ca480000, 0x00000000eab00000)
  object space 168448K, 91% used [0x00000000c0000000,0x00000000c9635220,0x00000000ca480000)
 Metaspace       used 84119K, capacity 87879K, committed 88152K, reserved 1128448K
  class space    used 7883K, capacity 9227K, committed 9344K, reserved 1048576K
}
Event: 18017.380 GC heap before
{Heap before GC invocations=4138 (full 93):
 PSYoungGen      total 43520K, used 41981K [0x00000000eab00000, 0x00000000edf00000, 0x0000000100000000)
  eden space 33280K, 100% used [0x00000000eab00000,0x00000000ecb80000,0x00000000ecb80000)
  from space 10240K, 84% used [0x00000000ed500000,0x00000000edd7f400,0x00000000edf00000)
  to   space 9728K, 0% used [0x00000000ecb80000,0x00000000ecb80000,0x00000000ed500000)
 ParOldGen       total 168448K, used 153812K [0x00000000c0000000, 0x00000000ca480000, 0x00000000eab00000)
  object space 168448K, 91% used [0x00000000c0000000,0x00000000c9635220,0x00000000ca480000)
 Metaspace       used 84127K, capacity 87879K, committed 88152K, reserved 1128448K
  class space    used 7883K, capacity 9227K, committed 9344K, reserved 1048576K
}
Event: 18017.392 GC heap after
{Heap after GC invocations=4138 (full 93):
 PSYoungGen      total 43008K, used 9702K [0x00000000eab00000, 0x00000000ee480000, 0x0000000100000000)
  eden space 33280K, 0% used [0x00000000eab00000,0x00000000eab00000,0x00000000ecb80000)
  from space 9728K, 99% used [0x00000000ecb80000,0x00000000ed4f9800,0x00000000ed500000)
  to   space 11264K, 0% used [0x00000000ed980000,0x00000000ed980000,0x00000000ee480000)
 ParOldGen       total 168448K, used 154576K [0x00000000c0000000, 0x00000000ca480000, 0x00000000eab00000)
  object space 168448K, 91% used [0x00000000c0000000,0x00000000c96f4250,0x00000000ca480000)
 Metaspace       used 84127K, capacity 87879K, committed 88152K, reserved 1128448K
  class space    used 7883K, capacity 9227K, committed 9344K, reserved 1048576K
}
Event: 18017.482 GC heap before
{Heap before GC invocations=4139 (full 93):
 PSYoungGen      total 43008K, used 42982K [0x00000000eab00000, 0x00000000ee480000, 0x0000000100000000)
  eden space 33280K, 100% used [0x00000000eab00000,0x00000000ecb80000,0x00000000ecb80000)
  from space 9728K, 99% used [0x00000000ecb80000,0x00000000ed4f9800,0x00000000ed500000)
  to   space 11264K, 0% used [0x00000000ed980000,0x00000000ed980000,0x00000000ee480000)
 ParOldGen       total 168448K, used 154576K [0x00000000c0000000, 0x00000000ca480000, 0x00000000eab00000)
  object space 168448K, 91% used [0x00000000c0000000,0x00000000c96f4250,0x00000000ca480000)
 Metaspace       used 84127K, capacity 87879K, committed 88152K, reserved 1128448K
  class space    used 7883K, capacity 9227K, committed 9344K, reserved 1048576K
}
Event: 18017.502 GC heap after
{Heap after GC invocations=4139 (full 93):
 PSYoungGen      total 42496K, used 5463K [0x00000000eab00000, 0x00000000edf00000, 0x0000000100000000)
  eden space 36864K, 0% used [0x00000000eab00000,0x00000000eab00000,0x00000000ecf00000)
  from space 5632K, 97% used [0x00000000ed980000,0x00000000eded5f20,0x00000000edf00000)
  to   space 7680K, 0% used [0x00000000ed000000,0x00000000ed000000,0x00000000ed780000)
 ParOldGen       total 168448K, used 160298K [0x00000000c0000000, 0x00000000ca480000, 0x00000000eab00000)
  object space 168448K, 95% used [0x00000000c0000000,0x00000000c9c8a9c0,0x00000000ca480000)
 Metaspace       used 84127K, capacity 87879K, committed 88152K, reserved 1128448K
  class space    used 7883K, capacity 9227K, committed 9344K, reserved 1048576K
}
Event: 18017.587 GC heap before
{Heap before GC invocations=4140 (full 93):
 PSYoungGen      total 42496K, used 42327K [0x00000000eab00000, 0x00000000edf00000, 0x0000000100000000)
  eden space 36864K, 100% used [0x00000000eab00000,0x00000000ecf00000,0x00000000ecf00000)
  from space 5632K, 97% used [0x00000000ed980000,0x00000000eded5f20,0x00000000edf00000)
  to   space 7680K, 0% used [0x00000000ed000000,0x00000000ed000000,0x00000000ed780000)
 ParOldGen       total 168448K, used 160298K [0x00000000c0000000, 0x00000000ca480000, 0x00000000eab00000)
  object space 168448K, 95% used [0x00000000c0000000,0x00000000c9c8a9c0,0x00000000ca480000)
 Metaspace       used 84136K, capacity 87949K, committed 88152K, reserved 1128448K
  class space    used 7884K, capacity 9228K, committed 9344K, reserved 1048576K
}
Event: 18017.597 GC heap after
{Heap after GC invocations=4140 (full 93):
 PSYoungGen      total 45568K, used 5282K [0x00000000eab00000, 0x00000000ede80000, 0x0000000100000000)
  eden space 37888K, 0% used [0x00000000eab00000,0x00000000eab00000,0x00000000ed000000)
  from space 7680K, 68% used [0x00000000ed000000,0x00000000ed528810,0x00000000ed780000)
  to   space 6144K, 0% used [0x00000000ed880000,0x00000000ed880000,0x00000000ede80000)
 ParOldGen       total 168448K, used 160298K [0x00000000c0000000, 0x00000000ca480000, 0x00000000eab00000)
  object space 168448K, 95% used [0x00000000c0000000,0x00000000c9c8a9c0,0x00000000ca480000)
 Metaspace       used 84136K, capacity 87949K, committed 88152K, reserved 1128448K
  class space    used 7884K, capacity 9228K, committed 9344K, reserved 1048576K
}
Event: 18017.698 GC heap before
{Heap before GC invocations=4141 (full 93):
 PSYoungGen      total 45568K, used 43170K [0x00000000eab00000, 0x00000000ede80000, 0x0000000100000000)
  eden space 37888K, 100% used [0x00000000eab00000,0x00000000ed000000,0x00000000ed000000)
  from space 7680K, 68% used [0x00000000ed000000,0x00000000ed528810,0x00000000ed780000)
  to   space 6144K, 0% used [0x00000000ed880000,0x00000000ed880000,0x00000000ede80000)
 ParOldGen       total 168448K, used 160298K [0x00000000c0000000, 0x00000000ca480000, 0x00000000eab00000)
  object space 168448K, 95% used [0x00000000c0000000,0x00000000c9c8a9c0,0x00000000ca480000)
 Metaspace       used 84139K, capacity 87949K, committed 88152K, reserved 1128448K
  class space    used 7884K, capacity 9228K, committed 9344K, reserved 1048576K
}
Event: 18017.707 GC heap after
{Heap after GC invocations=4141 (full 93):
 PSYoungGen      total 46080K, used 6135K [0x00000000eab00000, 0x00000000ee080000, 0x0000000100000000)
  eden space 39936K, 0% used [0x00000000eab00000,0x00000000eab00000,0x00000000ed200000)
  from space 6144K, 99% used [0x00000000ed880000,0x00000000ede7df20,0x00000000ede80000)
  to   space 6656K, 0% used [0x00000000ed200000,0x00000000ed200000,0x00000000ed880000)
 ParOldGen       total 168448K, used 160402K [0x00000000c0000000, 0x00000000ca480000, 0x00000000eab00000)
  object space 168448K, 95% used [0x00000000c0000000,0x00000000c9ca49c0,0x00000000ca480000)
 Metaspace       used 84139K, capacity 87949K, committed 88152K, reserved 1128448K
  class space    used 7884K, capacity 9228K, committed 9344K, reserved 1048576K
}
Event: 18017.969 GC heap before
{Heap before GC invocations=4142 (full 93):
 PSYoungGen      total 46080K, used 46071K [0x00000000eab00000, 0x00000000ee080000, 0x0000000100000000)
  eden space 39936K, 100% used [0x00000000eab00000,0x00000000ed200000,0x00000000ed200000)
  from space 6144K, 99% used [0x00000000ed880000,0x00000000ede7df20,0x00000000ede80000)
  to   space 6656K, 0% used [0x00000000ed200000,0x00000000ed200000,0x00000000ed880000)
 ParOldGen       total 168448K, used 160402K [0x00000000c0000000, 0x00000000ca480000, 0x00000000eab00000)
  object space 168448K, 95% used [0x00000000c0000000,0x00000000c9ca49c0,0x00000000ca480000)
 Metaspace       used 84177K, capacity 87949K, committed 88152K, reserved 1128448K
  class space    used 7884K, capacity 9228K, committed 9344K, reserved 1048576K
}
Event: 18017.987 GC heap after
{Heap after GC invocations=4142 (full 93):
 PSYoungGen      total 46592K, used 5642K [0x00000000eab00000, 0x00000000ee180000, 0x0000000100000000)
  eden space 39936K, 0% used [0x00000000eab00000,0x00000000eab00000,0x00000000ed200000)
  from space 6656K, 84% used [0x00000000ed200000,0x00000000ed782868,0x00000000ed880000)
  to   space 6144K, 0% used [0x00000000edb80000,0x00000000edb80000,0x00000000ee180000)
 ParOldGen       total 168448K, used 161351K [0x00000000c0000000, 0x00000000ca480000, 0x00000000eab00000)
  object space 168448K, 95% used [0x00000000c0000000,0x00000000c9d91c10,0x00000000ca480000)
 Metaspace       used 84177K, capacity 87949K, committed 88152K, reserved 1128448K
  class space    used 7884K, capacity 9228K, committed 9344K, reserved 1048576K
}
Event: 18018.167 GC heap before
{Heap before GC invocations=4143 (full 93):
 PSYoungGen      total 46592K, used 45578K [0x00000000eab00000, 0x00000000ee180000, 0x0000000100000000)
  eden space 39936K, 100% used [0x00000000eab00000,0x00000000ed200000,0x00000000ed200000)
  from space 6656K, 84% used [0x00000000ed200000,0x00000000ed782868,0x00000000ed880000)
  to   space 6144K, 0% used [0x00000000edb80000,0x00000000edb80000,0x00000000ee180000)
 ParOldGen       total 168448K, used 161351K [0x00000000c0000000, 0x00000000ca480000, 0x00000000eab00000)
  object space 168448K, 95% used [0x00000000c0000000,0x00000000c9d91c10,0x00000000ca480000)
 Metaspace       used 84196K, capacity 87949K, committed 88152K, reserved 1128448K
  class space    used 7884K, capacity 9228K, committed 9344K, reserved 1048576K
}

